<?xml version="1.0" encoding="UTF-8"?>
<!-- Generated by org.testng.reporters.JUnitXMLReporter -->
<testsuite ignored="0" hostname="Nikhil19" failures="0" tests="1" name="Test" time="0.249" errors="0" timestamp="2022-07-24T10:49:36 IST">
  <testcase classname="Framework_E2E.Validate_NavBar" name="@BeforeTest intliaze" time="0.008">
    <failure type="java.lang.NullPointerException" message="Cannot invoke &amp;quot;String.equalsIgnoreCase(String)&amp;quot; because &amp;quot;browser_name&amp;quot; is null">
      <![CDATA[java.lang.NullPointerException: Cannot invoke "String.equalsIgnoreCase(String)" because "browser_name" is null
at resources.Base.invokeBrowser(Base.java:43)
at Framework_E2E.Validate_NavBar.intliaze(Validate_NavBar.java:15)
at java.base/java.util.concurrent.FutureTask.run(FutureTask.java:264)
at java.base/java.util.concurrent.ThreadPoolExecutor.runWorker(ThreadPoolExecutor.java:1130)
at java.base/java.util.concurrent.ThreadPoolExecutor$Worker.run(ThreadPoolExecutor.java:630)
at java.base/java.lang.Thread.run(Thread.java:831)
... Removed 15 stack frames]]>
    </failure>
  </testcase> <!-- @BeforeTest intliaze -->
  <testcase classname="Framework_E2E.Homepage" name="@BeforeTest intliaze" time="0.001">
    <failure type="java.lang.NullPointerException" message="Cannot invoke &amp;quot;String.equalsIgnoreCase(String)&amp;quot; because &amp;quot;browser_name&amp;quot; is null">
      <![CDATA[java.lang.NullPointerException: Cannot invoke "String.equalsIgnoreCase(String)" because "browser_name" is null
at resources.Base.invokeBrowser(Base.java:43)
at Framework_E2E.Homepage.intliaze(Homepage.java:18)
at java.base/java.util.concurrent.FutureTask.run(FutureTask.java:264)
at java.base/java.util.concurrent.ThreadPoolExecutor.runWorker(ThreadPoolExecutor.java:1130)
at java.base/java.util.concurrent.ThreadPoolExecutor$Worker.run(ThreadPoolExecutor.java:630)
at java.base/java.lang.Thread.run(Thread.java:831)
... Removed 15 stack frames]]>
    </failure>
  </testcase> <!-- @BeforeTest intliaze -->
  <testcase classname="Framework_E2E.Validate_NavBar" name="@AfterTest teardown" time="-1.658639976319E9">
    <skipped/>
  </testcase> <!-- @AfterTest teardown -->
  <testcase classname="Framework_E2E.Homepage" name="@AfterTest teardown" time="-1.65863997632E9">
    <skipped/>
  </testcase> <!-- @AfterTest teardown -->
  <testcase classname="Framework_E2E.Validate_NavBar" name="navbar" time="0.0">
    <skipped/>
  </testcase> <!-- navbar -->
</testsuite> <!-- Test -->
